2017-10-13 15:38:00,176 INFO: Total Time: 9.36400008202 seconds[0m [in D:\Workspace\Projects\Python\sideka_app_server\keuangan\controllers\admin.py:34]
2017-10-13 15:46:09,367 INFO: BRUAKAKA [in D:\Workspace\Projects\Python\sideka_app_server\keuangan\helpers\generator.py:24]
2017-10-13 15:46:09,647 INFO: BRUAKAKA [in D:\Workspace\Projects\Python\sideka_app_server\keuangan\helpers\generator.py:24]
2017-10-13 15:46:09,838 INFO: BRUAKAKA [in D:\Workspace\Projects\Python\sideka_app_server\keuangan\helpers\generator.py:24]
2017-10-13 15:46:10,104 INFO: BRUAKAKA [in D:\Workspace\Projects\Python\sideka_app_server\keuangan\helpers\generator.py:24]
2017-10-13 15:46:10,358 INFO: BRUAKAKA [in D:\Workspace\Projects\Python\sideka_app_server\keuangan\helpers\generator.py:24]
2017-10-13 15:46:10,634 INFO: BRUAKAKA [in D:\Workspace\Projects\Python\sideka_app_server\keuangan\helpers\generator.py:24]
2017-10-13 15:46:10,857 INFO: BRUAKAKA [in D:\Workspace\Projects\Python\sideka_app_server\keuangan\helpers\generator.py:24]
2017-10-13 15:46:11,056 INFO: BRUAKAKA [in D:\Workspace\Projects\Python\sideka_app_server\keuangan\helpers\generator.py:24]
2017-10-13 15:46:11,194 INFO: BRUAKAKA [in D:\Workspace\Projects\Python\sideka_app_server\keuangan\helpers\generator.py:24]
2017-10-13 15:46:11,420 INFO: BRUAKAKA [in D:\Workspace\Projects\Python\sideka_app_server\keuangan\helpers\generator.py:24]
2017-10-13 15:46:11,739 INFO: BRUAKAKA [in D:\Workspace\Projects\Python\sideka_app_server\keuangan\helpers\generator.py:24]
2017-10-13 15:46:11,953 INFO: BRUAKAKA [in D:\Workspace\Projects\Python\sideka_app_server\keuangan\helpers\generator.py:24]
2017-10-13 15:46:12,171 INFO: BRUAKAKA [in D:\Workspace\Projects\Python\sideka_app_server\keuangan\helpers\generator.py:24]
2017-10-13 15:46:12,326 INFO: BRUAKAKA [in D:\Workspace\Projects\Python\sideka_app_server\keuangan\helpers\generator.py:24]
2017-10-13 15:46:17,756 INFO: Total Time: 8.41600012779 seconds [in D:\Workspace\Projects\Python\sideka_app_server\keuangan\controllers\admin.py:32]
2017-10-13 16:30:10,806 INFO: Region: LEU<52.06.02.2005> does not have penerimaan [in D:\Workspace\Projects\Python\sideka_app_server\keuangan\helpers\fetcher.py:69]
2017-10-13 16:31:22,378 INFO: Region: LEU<52.06.02.2005> does not have anggaran [in D:\Workspace\Projects\Python\sideka_app_server\keuangan\helpers\fetcher.py:32]
2017-10-13 16:31:31,569 INFO: Region: LEU<52.06.02.2005> does not have spp [in D:\Workspace\Projects\Python\sideka_app_server\keuangan\helpers\fetcher.py:90]
2017-10-13 16:31:31,579 INFO: Fetch Total Time: 82.3659999371 seconds [in D:\Workspace\Projects\Python\sideka_app_server\keuangan\controllers\admin.py:16]
2017-10-13 16:32:11,332 INFO: Region: LEU<52.06.02.2005> does not have penerimaan [in D:\Workspace\Projects\Python\sideka_app_server\keuangan\helpers\fetcher.py:69]
2017-10-13 16:33:22,822 WARNING: Region: LEU<52.06.02.2005> does not have anggaran [in D:\Workspace\Projects\Python\sideka_app_server\keuangan\helpers\fetcher.py:32]
2017-10-13 16:33:31,451 INFO: Region: LEU<52.06.02.2005> does not have spp [in D:\Workspace\Projects\Python\sideka_app_server\keuangan\helpers\fetcher.py:90]
2017-10-13 16:33:31,460 INFO: Fetch Total Time: 81.5759999752 seconds [in D:\Workspace\Projects\Python\sideka_app_server\keuangan\controllers\admin.py:16]
